<?xml version="1.0" encoding="UTF-8"?>
<!-- Generated by org.testng.reporters.JUnitXMLReporter -->
<testsuite hostname="ip-172-31-22-251" ignored="0" name="Test" tests="2" failures="1" timestamp="2022-09-14T07:39:30 UTC" time="0.055" errors="0">
  <testcase name="test1" time="0.015" classname="Listener.LoginList"/>
  <testcase name="test2" time="0.001" classname="Listener.LoginList">
    <failure type="java.lang.AssertionError" message="expected [Sowmya] but found [sowmya]">
      <![CDATA[java.lang.AssertionError: expected [Sowmya] but found [sowmya]
at Listener.LoginList.test2(LoginList.java:20)
at java.util.ArrayList.forEach(ArrayList.java:1259)
... Removed 33 stack frames]]>
    </failure>
  </testcase> <!-- test2 -->
</testsuite> <!-- Test -->
